<?xml version="1.0" encoding="UTF-8"?>
<!-- Generated by org.testng.reporters.JUnitReportReporter -->
<testsuite hostname="DESKTOP-O9EVLHS" failures="0" tests="1" name="TestNGRunner.TestNGTestRuner" time="21.069" errors="0" timestamp="2024-01-14T19:58:41 IST" skipped="0">
  <testcase classname="TestNGRunner.TestNGTestRuner" name="runScenario" time="21.069"/>
  <system-out/>
</testsuite> <!-- TestNGRunner.TestNGTestRuner -->
