<?xml version="1.0" encoding="UTF-8"?>
<!-- Generated by org.testng.reporters.JUnitReportReporter -->
<testsuite hostname="DESKTOP-O9EVLHS" failures="0" tests="1" name="Demo.DemoClass" time="22.142" errors="0" timestamp="2024-01-15T16:33:30 IST" skipped="0">
  <testcase classname="Demo.DemoClass" name="LoginTest" time="22.142"/>
  <system-out/>
</testsuite> <!-- Demo.DemoClass -->
