<?xml version="1.0" encoding="UTF-8"?>
<!-- Generated by org.testng.reporters.JUnitReportReporter -->
<testsuite hostname="DESKTOP-O9EVLHS" failures="0" tests="1" name="Demo.DatePickers" time="17.565" errors="0" timestamp="2024-01-15T18:15:32 IST" skipped="0">
  <testcase classname="Demo.DatePickers" name="handleCalender2" time="17.565"/>
  <system-out/>
</testsuite> <!-- Demo.DatePickers -->
