<?xml version="1.0" encoding="UTF-8"?>
<!-- Generated by org.testng.reporters.JUnitReportReporter -->
<testsuite hostname="DESKTOP-O9EVLHS" failures="0" tests="1" name="TestNGRunner.TestNGTestRuner" time="17.355" errors="0" timestamp="2024-01-15T13:06:50 IST" skipped="0">
  <testcase classname="TestNGRunner.TestNGTestRuner" name="runScenario" time="17.355"/>
</testsuite> <!-- TestNGRunner.TestNGTestRuner -->
